-------------------------------------------------------------------------------
Test set: fr.iutv.spring_boot.exemple_01.VirementControllerTest
-------------------------------------------------------------------------------
Tests run: 1, Failures: 1, Errors: 0, Skipped: 0, Time elapsed: 3.362 s <<< FAILURE! - in fr.iutv.spring_boot.exemple_01.VirementControllerTest
testSendMoney  Time elapsed: 0.122 s  <<< FAILURE!
java.lang.AssertionError: Status expected:<200> but was:<500>
	at fr.iutv.spring_boot.exemple_01.VirementControllerTest.testSendMoney(VirementControllerTest.java:37)

