<?xml version="1.0" encoding="UTF-8"?>
<testsuite xmlns:xsi="http://www.w3.org/2001/XMLSchema-instance" xsi:noNamespaceSchemaLocation="https://maven.apache.org/surefire/maven-surefire-plugin/xsd/surefire-test-report.xsd" name="fr.iutv.spring_boot.exemple_01.VirementControllerTest" time="3.362" tests="1" errors="0" skipped="0" failures="1">
  <properties>
[...]
</properties>
  <testcase name="testSendMoney" classname="fr.iutv.spring_boot.exemple_01.VirementControllerTest" time="0.122">
    <failure message="Status expected:&lt;200&gt; but was:&lt;500&gt;" type="java.lang.AssertionError"><![CDATA[java.lang.AssertionError: Status expected:<200> but was:<500>
	at fr.iutv.spring_boot.exemple_01.VirementControllerTest.testSendMoney(VirementControllerTest.java:37)
]]></failure>
    <system-out><![CDATA[23:25:06.494 [main] DEBUG org.springframework.test.context.BootstrapUtils - Instantiating CacheAwareContextLoaderDelegate from class [org.springframework.test.context.cache.DefaultCacheAwareContextLoaderDelegate]
23:25:06.504 [main] DEBUG org.springframework.test.context.BootstrapUtils - Instantiating BootstrapContext using constructor [public org.springframework.test.context.support.DefaultBootstrapContext(java.lang.Class,org.springframework.test.context.CacheAwareContextLoaderDelegate)]
23:25:06.544 [main] DEBUG org.springframework.test.context.BootstrapUtils - Instantiating TestContextBootstrapper for test class [fr.iutv.spring_boot.exemple_01.VirementControllerTest] from class [org.springframework.boot.test.context.SpringBootTestContextBootstrapper]
23:25:06.559 [main] INFO org.springframework.boot.test.context.SpringBootTestContextBootstrapper - Neither @ContextConfiguration nor @ContextHierarchy found for test class [fr.iutv.spring_boot.exemple_01.VirementControllerTest], using SpringBootContextLoader
23:25:06.565 [main] DEBUG org.springframework.test.context.support.AbstractContextLoader - Did not detect default resource location for test class [fr.iutv.spring_boot.exemple_01.VirementControllerTest]: class path resource [fr/iutv/spring_boot/exemple_01/VirementControllerTest-context.xml] does not exist
23:25:06.566 [main] DEBUG org.springframework.test.context.support.AbstractContextLoader - Did not detect default resource location for test class [fr.iutv.spring_boot.exemple_01.VirementControllerTest]: class path resource [fr/iutv/spring_boot/exemple_01/VirementControllerTestContext.groovy] does not exist
23:25:06.566 [main] INFO org.springframework.test.context.support.AbstractContextLoader - Could not detect default resource locations for test class [fr.iutv.spring_boot.exemple_01.VirementControllerTest]: no resource found for suffixes {-context.xml, Context.groovy}.
23:25:06.567 [main] INFO org.springframework.test.context.support.AnnotationConfigContextLoaderUtils - Could not detect default configuration classes for test class [fr.iutv.spring_boot.exemple_01.VirementControllerTest]: VirementControllerTest does not declare any static, non-private, non-final, nested classes annotated with @Configuration.
23:25:06.664 [main] DEBUG org.springframework.test.context.support.ActiveProfilesUtils - Could not find an 'annotation declaring class' for annotation type [org.springframework.test.context.ActiveProfiles] and class [fr.iutv.spring_boot.exemple_01.VirementControllerTest]
23:25:06.743 [main] DEBUG org.springframework.context.annotation.ClassPathScanningCandidateComponentProvider - Identified candidate component class: file [/Users/SantEZ/iut_vannes/exemples/LP_DLIS_SpringBoot_Test_Exemple_01/target/classes/fr/iutv/spring_boot/exemple_01/BanqueApplication.class]
23:25:06.744 [main] INFO org.springframework.boot.test.context.SpringBootTestContextBootstrapper - Found @SpringBootConfiguration fr.iutv.spring_boot.exemple_01.BanqueApplication for test class fr.iutv.spring_boot.exemple_01.VirementControllerTest
23:25:06.864 [main] DEBUG org.springframework.boot.test.context.SpringBootTestContextBootstrapper - @TestExecutionListeners is not present for class [fr.iutv.spring_boot.exemple_01.VirementControllerTest]: using defaults.
23:25:06.864 [main] INFO org.springframework.boot.test.context.SpringBootTestContextBootstrapper - Loaded default TestExecutionListener class names from location [META-INF/spring.factories]: [org.springframework.boot.test.mock.mockito.MockitoTestExecutionListener, org.springframework.boot.test.mock.mockito.ResetMocksTestExecutionListener, org.springframework.boot.test.autoconfigure.restdocs.RestDocsTestExecutionListener, org.springframework.boot.test.autoconfigure.web.client.MockRestServiceServerResetTestExecutionListener, org.springframework.boot.test.autoconfigure.web.servlet.MockMvcPrintOnlyOnFailureTestExecutionListener, org.springframework.boot.test.autoconfigure.web.servlet.WebDriverTestExecutionListener, org.springframework.boot.test.autoconfigure.webservices.client.MockWebServiceServerTestExecutionListener, org.springframework.test.context.web.ServletTestExecutionListener, org.springframework.test.context.support.DirtiesContextBeforeModesTestExecutionListener, org.springframework.test.context.event.ApplicationEventsTestExecutionListener, org.springframework.test.context.support.DependencyInjectionTestExecutionListener, org.springframework.test.context.support.DirtiesContextTestExecutionListener, org.springframework.test.context.transaction.TransactionalTestExecutionListener, org.springframework.test.context.jdbc.SqlScriptsTestExecutionListener, org.springframework.test.context.event.EventPublishingTestExecutionListener]
23:25:06.882 [main] DEBUG org.springframework.boot.test.context.SpringBootTestContextBootstrapper - Skipping candidate TestExecutionListener [org.springframework.test.context.transaction.TransactionalTestExecutionListener] due to a missing dependency. Specify custom listener classes or make the default listener classes and their required dependencies available. Offending class: [org/springframework/transaction/TransactionDefinition]
23:25:06.883 [main] DEBUG org.springframework.boot.test.context.SpringBootTestContextBootstrapper - Skipping candidate TestExecutionListener [org.springframework.test.context.jdbc.SqlScriptsTestExecutionListener] due to a missing dependency. Specify custom listener classes or make the default listener classes and their required dependencies available. Offending class: [org/springframework/transaction/interceptor/TransactionAttribute]
23:25:06.883 [main] INFO org.springframework.boot.test.context.SpringBootTestContextBootstrapper - Using TestExecutionListeners: [org.springframework.test.context.web.ServletTestExecutionListener@37ddb69a, org.springframework.test.context.support.DirtiesContextBeforeModesTestExecutionListener@349c1daf, org.springframework.test.context.event.ApplicationEventsTestExecutionListener@dfddc9a, org.springframework.boot.test.mock.mockito.MockitoTestExecutionListener@4b9df8a, org.springframework.boot.test.autoconfigure.SpringBootDependencyInjectionTestExecutionListener@5e8ac0e1, org.springframework.test.context.support.DirtiesContextTestExecutionListener@aafcffa, org.springframework.test.context.event.EventPublishingTestExecutionListener@6955cb39, org.springframework.boot.test.mock.mockito.ResetMocksTestExecutionListener@235a0c16, org.springframework.boot.test.autoconfigure.restdocs.RestDocsTestExecutionListener@2b5f4d54, org.springframework.boot.test.autoconfigure.web.client.MockRestServiceServerResetTestExecutionListener@5f7b97da, org.springframework.boot.test.autoconfigure.web.servlet.MockMvcPrintOnlyOnFailureTestExecutionListener@18b0930f, org.springframework.boot.test.autoconfigure.web.servlet.WebDriverTestExecutionListener@6b7906b3, org.springframework.boot.test.autoconfigure.webservices.client.MockWebServiceServerTestExecutionListener@3a1dd365]
23:25:06.893 [main] DEBUG org.springframework.test.context.support.AbstractDirtiesContextTestExecutionListener - Before test class: context [DefaultTestContext@2371aaca testClass = VirementControllerTest, testInstance = [null], testMethod = [null], testException = [null], mergedContextConfiguration = [WebMergedContextConfiguration@5b529706 testClass = VirementControllerTest, locations = '{}', classes = '{class fr.iutv.spring_boot.exemple_01.BanqueApplication}', contextInitializerClasses = '[]', activeProfiles = '{}', propertySourceLocations = '{}', propertySourceProperties = '{org.springframework.boot.test.context.SpringBootTestContextBootstrapper=true}', contextCustomizers = set[[ImportsContextCustomizer@63fdab07 key = [org.springframework.boot.test.autoconfigure.web.servlet.MockMvcAutoConfiguration, org.springframework.boot.test.autoconfigure.web.servlet.MockMvcWebClientAutoConfiguration, org.springframework.boot.test.autoconfigure.web.servlet.MockMvcWebDriverAutoConfiguration, org.springframework.boot.autoconfigure.security.oauth2.client.servlet.OAuth2ClientAutoConfiguration, org.springframework.boot.autoconfigure.security.oauth2.resource.servlet.OAuth2ResourceServerAutoConfiguration, org.springframework.boot.autoconfigure.security.servlet.SecurityAutoConfiguration, org.springframework.boot.autoconfigure.security.servlet.SecurityFilterAutoConfiguration, org.springframework.boot.autoconfigure.security.servlet.UserDetailsServiceAutoConfiguration, org.springframework.boot.test.autoconfigure.web.servlet.MockMvcSecurityConfiguration, org.springframework.boot.test.autoconfigure.web.reactive.WebTestClientAutoConfiguration]], org.springframework.boot.test.context.filter.ExcludeFilterContextCustomizer@295cf707, org.springframework.boot.test.json.DuplicateJsonObjectContextCustomizerFactory$DuplicateJsonObjectContextCustomizer@463fd068, org.springframework.boot.test.mock.mockito.MockitoContextCustomizer@5b5a9f6c, org.springframework.boot.test.web.client.TestRestTemplateContextCustomizer@43599640, org.springframework.boot.test.autoconfigure.actuate.metrics.MetricsExportContextCustomizerFactory$DisableMetricExportContextCustomizer@4a3631f8, org.springframework.boot.test.autoconfigure.properties.PropertyMappingContextCustomizer@4b3fa0b3, org.springframework.boot.test.autoconfigure.web.servlet.WebDriverContextCustomizerFactory$Customizer@59d4cd39, org.springframework.boot.test.context.SpringBootTestArgs@1, org.springframework.boot.test.context.SpringBootTestWebEnvironment@2ddc8ecb], resourceBasePath = 'src/main/webapp', contextLoader = 'org.springframework.boot.test.context.SpringBootContextLoader', parent = [null]], attributes = map['org.springframework.test.context.web.ServletTestExecutionListener.activateListener' -> true]], class annotated with @DirtiesContext [false] with mode [null].
23:25:06.982 [main] DEBUG org.springframework.boot.ApplicationServletEnvironment - Activating profiles []
23:25:06.983 [main] DEBUG org.springframework.test.context.support.TestPropertySourceUtils - Adding inlined properties to environment: {spring.jmx.enabled=false, org.springframework.boot.test.context.SpringBootTestContextBootstrapper=true}

  .   ____          _            __ _ _
 /\\ / ___'_ __ _ _(_)_ __  __ _ \ \ \ \
( ( )\___ | '_ | '_| | '_ \/ _` | \ \ \ \
 \\/  ___)| |_)| | | | | || (_| |  ) ) ) )
  '  |____| .__|_| |_|_| |_\__, | / / / /
 =========|_|==============|___/=/_/_/_/
 :: Spring Boot ::                (v2.6.2)

2022-01-18 23:25:07.338  INFO 10015 --- [           main] f.i.s.exemple_01.VirementControllerTest  : Starting VirementControllerTest using Java 11.0.12 on MacBook-Pro-de-Santiago-2.local with PID 10015 (started by SantEZ in /Users/SantEZ/iut_vannes/exemples/LP_DLIS_SpringBoot_Test_Exemple_01)
2022-01-18 23:25:07.339  INFO 10015 --- [           main] f.i.s.exemple_01.VirementControllerTest  : No active profile set, falling back to default profiles: default
2022-01-18 23:25:09.578  INFO 10015 --- [           main] o.s.b.t.m.w.SpringBootMockServletContext : Initializing Spring TestDispatcherServlet ''
2022-01-18 23:25:09.578  INFO 10015 --- [           main] o.s.t.web.servlet.TestDispatcherServlet  : Initializing Servlet ''
2022-01-18 23:25:09.579  INFO 10015 --- [           main] o.s.t.web.servlet.TestDispatcherServlet  : Completed initialization in 1 ms
2022-01-18 23:25:09.599  INFO 10015 --- [           main] f.i.s.exemple_01.VirementControllerTest  : Started VirementControllerTest in 2.615 seconds (JVM running for 3.905)

MockHttpServletRequest:
      HTTP Method = POST
      Request URI = /virement/1/2/500
       Parameters = {}
          Headers = [Content-Type:"application/json;charset=UTF-8"]
             Body = null
    Session Attrs = {}

Handler:
             Type = fr.iutv.spring_boot.exemple_01.endpoints.VirementController
           Method = fr.iutv.spring_boot.exemple_01.endpoints.VirementController#transfererArgent(Long, Long, Integer)

Async:
    Async started = false
     Async result = null

Resolved Exception:
             Type = null

ModelAndView:
        View name = null
             View = null
            Model = null

FlashMap:
       Attributes = null

MockHttpServletResponse:
           Status = 500
    Error message = null
          Headers = [Content-Type:"text/plain;charset=UTF-8", Content-Length:"5"]
     Content type = text/plain;charset=UTF-8
             Body = ERROR
    Forwarded URL = null
   Redirected URL = null
          Cookies = []
]]></system-out>
  </testcase>
</testsuite>